<?xml version="1.0" encoding="UTF-8"?>
<!-- Generated by org.testng.reporters.JUnitReportReporter -->
<testsuite hostname="ETOLBANOS" name="demo.DB_demo" tests="6" failures="0" timestamp="7 Jul 2014 18:49:01 GMT" time="60.771" errors="0">
  <testcase name="Test" time="7.717" classname="demo.DB_demo"/>
  <testcase name="Test" time="7.765" classname="demo.DB_demo"/>
  <testcase name="Test" time="8.382" classname="demo.DB_demo"/>
  <testcase name="Test" time="7.830" classname="demo.DB_demo"/>
  <testcase name="Test" time="21.297" classname="demo.DB_demo"/>
  <testcase name="Test" time="7.780" classname="demo.DB_demo"/>
</testsuite> <!-- demo.DB_demo -->
