<?xml version="1.0" encoding="UTF-8"?>
<!-- Generated by org.testng.reporters.JUnitReportReporter -->
<testsuite hostname="ETOLBANOS" name="demo.DB_demo" tests="3" failures="0" timestamp="27 Jun 2014 19:28:57 GMT" time="16.313" errors="0">
  <testcase name="QueryUpdateDB" time="4.152" classname="demo.DB_demo"/>
  <testcase name="remote" time="0.744" classname="demo.DB_demo"/>
  <testcase name="QueryDB" time="11.417" classname="demo.DB_demo"/>
</testsuite> <!-- demo.DB_demo -->
