<?xml version="1.0" encoding="UTF-8"?>
<!-- Generated by org.testng.reporters.JUnitReportReporter -->
<testsuite hostname="ETOLBANOS" name="demo.DB_demo" tests="5" failures="0" timestamp="8 Jul 2014 19:26:27 GMT" time="35.239" errors="0">
  <testcase name="Test" time="5.608" classname="demo.DB_demo"/>
  <testcase name="Test" time="13.255" classname="demo.DB_demo"/>
  <testcase name="Test" time="5.152" classname="demo.DB_demo"/>
  <testcase name="Test" time="5.031" classname="demo.DB_demo"/>
  <testcase name="Test" time="6.193" classname="demo.DB_demo"/>
</testsuite> <!-- demo.DB_demo -->
