<?xml version="1.0" encoding="UTF-8"?>
<!-- Generated by org.testng.reporters.JUnitReportReporter -->
<testsuite hostname="ETOLBANOS" name="demo.DB_demo" tests="6" failures="0" timestamp="30 Jun 2014 19:20:49 GMT" time="31.923" errors="0">
  <testcase name="Test" time="4.381" classname="demo.DB_demo"/>
  <testcase name="Test" time="4.057" classname="demo.DB_demo"/>
  <testcase name="Test" time="4.024" classname="demo.DB_demo"/>
  <testcase name="Test" time="11.260" classname="demo.DB_demo"/>
  <testcase name="Test" time="4.045" classname="demo.DB_demo"/>
  <testcase name="Test" time="4.156" classname="demo.DB_demo"/>
</testsuite> <!-- demo.DB_demo -->
