<?xml version="1.0" encoding="UTF-8"?>
<!-- Generated by org.testng.reporters.JUnitReportReporter -->
<testsuite hostname="ETOLBANOS" name="demo.DB_Query" tests="1" failures="0" timestamp="26 Jun 2014 15:03:57 GMT" time="11.031" errors="0">
  <testcase name="CreateDB" time="11.031" classname="demo.DB_Query"/>
</testsuite> <!-- demo.DB_Query -->
