<?xml version="1.0" encoding="UTF-8"?>
<!-- Generated by org.testng.reporters.JUnitReportReporter -->
<testsuite hostname="ETOLBANOS" name="remote.RemoteTest" tests="1" failures="0" timestamp="26 Jun 2014 16:45:28 GMT" time="7.714" errors="0">
  <testcase name="remote" time="7.714" classname="remote.RemoteTest"/>
</testsuite> <!-- remote.RemoteTest -->
